2024-03-28 10:20:12,719 [INFO] Activator:176 - 


2024-03-28 10:20:12,722 [INFO] Activator:177 - !SESSION log4j initialized
2024-03-28 10:20:17,164 [INFO] LogOutputStream:77 - [STDOUT_REDIRECT] 
2024-03-28 10:20:17,896 [INFO] ApplicationProperties:184 - Using Application install path: /opt/st/stm32cubeide_1.13.2/plugins/com.st.stm32cube.common.mx_6.9.2.202309101412
2024-03-28 10:20:17,913 [INFO] DbMcusXml:78 - Set database path to: /opt/st/stm32cubeide_1.13.2/plugins/com.st.stm32cube.common.mx_6.9.2.202309101412//db//mcu/
2024-03-28 10:20:17,913 [INFO] ApiDb:274 - Set plugin database path to: /opt/st/stm32cubeide_1.13.2/plugins/com.st.stm32cube.common.mx_6.9.2.202309101412//db//plugins/boardmanager/
2024-03-28 10:20:17,914 [WARN] ApiDb:259 - Overriding images path with different value:  => /opt/st/stm32cubeide_1.13.2/plugins/com.st.stm32cube.common.mx_6.9.2.202309101412//db//plugins/mcufinder/images/
2024-03-28 10:20:17,929 [INFO] ApiDb:250 - Set database path to: /home/quinn/.stmcufinder/plugins/mcufinder//mcu/
2024-03-28 10:20:17,930 [INFO] DbMcusAds:125 - Set database path to: /home/quinn/.stmcufinder/plugins/mcufinder//mcu/
2024-03-28 10:20:17,932 [INFO] CrossReferenceDbSqlite:203 - Set database path to: /home/quinn/.stmcufinder/plugins/mcufinder//mcu/cs/
2024-03-28 10:20:18,041 [INFO] RulesReader:64 - Compatibility file has been processed (293 Rules)
2024-03-28 10:20:18,101 [INFO] DbMcusXml:78 - Set database path to: /opt/st/stm32cubeide_1.13.2/plugins/com.st.stm32cube.common.mx_6.9.2.202309101412//db//mcu/
2024-03-28 10:20:18,101 [INFO] ApiDb:274 - Set plugin database path to: /opt/st/stm32cubeide_1.13.2/plugins/com.st.stm32cube.common.mx_6.9.2.202309101412//db//plugins/boardmanager/
2024-03-28 10:20:18,101 [INFO] ApiDb:261 - Set plugin images path to: /opt/st/stm32cubeide_1.13.2/plugins/com.st.stm32cube.common.mx_6.9.2.202309101412//db//plugins/mcufinder/images/
2024-03-28 10:20:18,102 [WARN] DbFile:41 - Overriding database path with different value: /home/quinn/.stmcufinder/plugins/mcufinder/ => /home/quinn/.stmcufinder/plugins/mcufinder
2024-03-28 10:20:18,102 [INFO] ApiDb:250 - Set database path to: /home/quinn/.stmcufinder/plugins/mcufinder//mcu/
2024-03-28 10:20:18,102 [WARN] DbFile:41 - Overriding database path with different value: /home/quinn/.stmcufinder/plugins/mcufinder/ => /home/quinn/.stmcufinder/plugins/mcufinder
2024-03-28 10:20:18,102 [INFO] DbMcusAds:125 - Set database path to: /home/quinn/.stmcufinder/plugins/mcufinder//mcu/
2024-03-28 10:20:18,102 [WARN] DbFile:41 - Overriding database path with different value: /home/quinn/.stmcufinder/plugins/mcufinder/ => /home/quinn/.stmcufinder/plugins/mcufinder
2024-03-28 10:20:18,102 [WARN] DbFile:41 - Overriding database path with different value: /home/quinn/.stmcufinder/plugins/mcufinder/ => /home/quinn/.stmcufinder/plugins/mcufinder
2024-03-28 10:20:18,102 [INFO] CrossReferenceDbSqlite:203 - Set database path to: /home/quinn/.stmcufinder/plugins/mcufinder//mcu/cs/
2024-03-28 10:20:18,161 [INFO] MainPanel:262 - HeapMemory: 268435456
2024-03-28 10:20:18,232 [INFO] DbMcusXml:78 - Set database path to: /opt/st/stm32cubeide_1.13.2/plugins/com.st.stm32cube.common.mx_6.9.2.202309101412//db//mcu/
2024-03-28 10:20:18,233 [INFO] ApiDb:274 - Set plugin database path to: /opt/st/stm32cubeide_1.13.2/plugins/com.st.stm32cube.common.mx_6.9.2.202309101412//db//plugins/boardmanager/
2024-03-28 10:20:18,233 [INFO] ApiDb:261 - Set plugin images path to: /opt/st/stm32cubeide_1.13.2/plugins/com.st.stm32cube.common.mx_6.9.2.202309101412//db//plugins/mcufinder/images/
2024-03-28 10:20:18,233 [WARN] DbFile:41 - Overriding database path with different value: /home/quinn/.stmcufinder/plugins/mcufinder/ => /home/quinn/.stmcufinder/plugins/mcufinder
2024-03-28 10:20:18,233 [INFO] ApiDb:250 - Set database path to: /home/quinn/.stmcufinder/plugins/mcufinder//mcu/
2024-03-28 10:20:18,234 [WARN] DbFile:41 - Overriding database path with different value: /home/quinn/.stmcufinder/plugins/mcufinder/ => /home/quinn/.stmcufinder/plugins/mcufinder
2024-03-28 10:20:18,234 [INFO] DbMcusAds:125 - Set database path to: /home/quinn/.stmcufinder/plugins/mcufinder//mcu/
2024-03-28 10:20:18,234 [WARN] DbFile:41 - Overriding database path with different value: /home/quinn/.stmcufinder/plugins/mcufinder/ => /home/quinn/.stmcufinder/plugins/mcufinder
2024-03-28 10:20:18,234 [WARN] DbFile:41 - Overriding database path with different value: /home/quinn/.stmcufinder/plugins/mcufinder/ => /home/quinn/.stmcufinder/plugins/mcufinder
2024-03-28 10:20:18,234 [INFO] CrossReferenceDbSqlite:203 - Set database path to: /home/quinn/.stmcufinder/plugins/mcufinder//mcu/cs/
2024-03-28 10:20:18,250 [INFO] ApplicationProperties:184 - Using Application install path: /opt/st/stm32cubeide_1.13.2/plugins/com.st.stm32cube.common.mx_6.9.2.202309101412
2024-03-28 10:20:18,251 [INFO] PluginManage:196 - Search for loadable plugins [exclusion list=, ]
2024-03-28 10:20:18,253 [INFO] PluginManage:310 - Check plugin analytics
2024-03-28 10:20:18,386 [INFO] AnalyticsPlugin:253 - Accepted Software Licenses: 
2024-03-28 10:20:18,386 [INFO] AnalyticsPlugin:255 - Accepted CMSIS Pack Licenses: 
2024-03-28 10:20:18,386 [INFO] AnalyticsPlugin:257 - Accepted Firmware Licenses: FW.F7.1.17.0,FW.F4.1.27.0
2024-03-28 10:20:18,388 [INFO] PluginManage:359 - Loaded plugin analytics (category:tool,tabindex:-1)
2024-03-28 10:20:18,389 [INFO] PluginManage:310 - Check plugin cadmodel
2024-03-28 10:20:18,459 [INFO] CADModel:105 - Init CAD model plugin
2024-03-28 10:20:18,460 [INFO] PluginManage:359 - Loaded plugin cadmodel (category:power,tabindex:5)
2024-03-28 10:20:18,460 [INFO] PluginManage:310 - Check plugin clock
2024-03-28 10:20:18,469 [INFO] PluginManage:359 - Loaded plugin clock (category:base,tabindex:2)
2024-03-28 10:20:18,469 [INFO] PluginManage:310 - Check plugin ddr
2024-03-28 10:20:18,471 [INFO] PluginManage:359 - Loaded plugin ddr (category:tool,tabindex:6)
2024-03-28 10:20:18,471 [INFO] PluginManage:310 - Check plugin filemanager
2024-03-28 10:20:18,576 [INFO] PluginManage:359 - Loaded plugin filemanager (category:base,tabindex:10)
2024-03-28 10:20:18,576 [INFO] PluginManage:310 - Check plugin ipmanager
2024-03-28 10:20:18,582 [INFO] PluginManage:359 - Loaded plugin ipmanager (category:base,tabindex:5)
2024-03-28 10:20:18,582 [INFO] PluginManage:310 - Check plugin lpbam
2024-03-28 10:20:18,593 [INFO] PluginManage:359 - Loaded plugin lpbam (category:base,tabindex:0)
2024-03-28 10:20:18,593 [INFO] PluginManage:310 - Check plugin memorymap
2024-03-28 10:20:18,601 [INFO] PluginManage:359 - Loaded plugin memorymap (category:base,tabindex:4)
2024-03-28 10:20:18,601 [INFO] PluginManage:310 - Check plugin pinoutandconfiguration
2024-03-28 10:20:18,607 [INFO] PluginManage:359 - Loaded plugin pinoutandconfiguration (category:base,tabindex:1)
2024-03-28 10:20:18,608 [INFO] PluginManage:310 - Check plugin pinoutconfig
2024-03-28 10:20:18,663 [WARN] SupportedApi:132 - Cannot load RTOS API schema: s4s-elt-must-match.1: The content of 'definitions' must match (annotation?, (simpleType | complexType)?, (unique | key | keyref)*)). A problem was found starting at: attribute.
2024-03-28 10:20:18,753 [INFO] PluginManage:359 - Loaded plugin pinoutconfig (category:base,tabindex:0)
2024-03-28 10:20:18,753 [INFO] PluginManage:310 - Check plugin power
2024-03-28 10:20:18,761 [INFO] PluginManage:359 - Loaded plugin power (category:power,tabindex:4)
2024-03-28 10:20:18,762 [INFO] PluginManage:310 - Check plugin projectmanager
2024-03-28 10:20:18,773 [INFO] PluginManage:359 - Loaded plugin projectmanager (category:projectmanager,tabindex:3)
2024-03-28 10:20:18,773 [INFO] PluginManage:310 - Check plugin thirdparty
2024-03-28 10:20:18,871 [INFO] PluginManage:359 - Loaded plugin thirdparty (category:base,tabindex:-1)
2024-03-28 10:20:18,871 [INFO] PluginManage:310 - Check plugin tools
2024-03-28 10:20:18,871 [WARN] IntegrityCheckThread:84 - waiting for thirdparty lock release [integrity check]
2024-03-28 10:20:18,871 [INFO] IntegrityCheckThread:86 - entering critical section [integrity check]
2024-03-28 10:20:18,872 [INFO] ThirdPartyUpdaterWithRetryManager:70 - Updater plugin not ready yet. [1/15]
2024-03-28 10:20:18,873 [INFO] PluginManage:359 - Loaded plugin tools (category:base,tabindex:7)
2024-03-28 10:20:18,874 [INFO] PluginManage:310 - Check plugin tutovideos
2024-03-28 10:20:18,989 [INFO] PluginManage:359 - Loaded plugin tutovideos (category:base,tabindex:-1)
2024-03-28 10:20:18,990 [INFO] PluginManage:310 - Check plugin updater
2024-03-28 10:20:18,999 [INFO] PluginManage:359 - Loaded plugin updater (category:base,tabindex:12)
2024-03-28 10:20:18,999 [INFO] PluginManage:310 - Check plugin userauth
2024-03-28 10:20:19,003 [INFO] UserAuth:113 - Init User Auth plugin
2024-03-28 10:20:19,003 [INFO] PluginManage:359 - Loaded plugin userauth (category:base,tabindex:14)
2024-03-28 10:20:19,003 [INFO] PluginManage:283 - PluginManage : Loaded plugins [17]
2024-03-28 10:20:19,144 [INFO] PinOutPanel:1499 - setPackage(No Configuration,No Configuration)
2024-03-28 10:20:19,216 [INFO] CADModel:165 - CPN selected for project level
2024-03-28 10:20:19,217 [INFO] CADModel:114 - Register for checkConnection events
2024-03-28 10:20:19,229 [INFO] IPUIPlugin:80 - create IPUIPlugin
2024-03-28 10:20:19,229 [INFO] PluginManager:220 - loadIPPluginJar : add aes
2024-03-28 10:20:19,231 [INFO] IPUIPlugin:80 - create IPUIPlugin
2024-03-28 10:20:19,231 [INFO] PluginManager:220 - loadIPPluginJar : add tsc
2024-03-28 10:20:19,233 [INFO] IPUIPlugin:80 - create IPUIPlugin
2024-03-28 10:20:19,234 [INFO] PluginManager:220 - loadIPPluginJar : add dfsdm
2024-03-28 10:20:19,239 [INFO] IPUIPlugin:80 - create IPUIPlugin
2024-03-28 10:20:19,239 [INFO] PluginManager:220 - loadIPPluginJar : add dma
2024-03-28 10:20:19,242 [INFO] IPUIPlugin:80 - create IPUIPlugin
2024-03-28 10:20:19,242 [INFO] PluginManager:220 - loadIPPluginJar : add cryp
2024-03-28 10:20:19,247 [INFO] IPUIPlugin:80 - create IPUIPlugin
2024-03-28 10:20:19,247 [INFO] PluginManager:220 - loadIPPluginJar : add linkedlist
2024-03-28 10:20:19,249 [INFO] IPUIPlugin:80 - create IPUIPlugin
2024-03-28 10:20:19,249 [INFO] PluginManager:220 - loadIPPluginJar : add genericplugin
2024-03-28 10:20:19,251 [INFO] IPUIPlugin:80 - create IPUIPlugin
2024-03-28 10:20:19,251 [INFO] PluginManager:220 - loadIPPluginJar : add dma3
2024-03-28 10:20:19,252 [INFO] IPUIPlugin:80 - create IPUIPlugin
2024-03-28 10:20:19,252 [INFO] PluginManager:220 - loadIPPluginJar : add quadspi
2024-03-28 10:20:19,254 [INFO] IPUIPlugin:80 - create IPUIPlugin
2024-03-28 10:20:19,254 [INFO] PluginManager:220 - loadIPPluginJar : add ucpd
2024-03-28 10:20:19,256 [INFO] IPUIPlugin:80 - create IPUIPlugin
2024-03-28 10:20:19,257 [INFO] PluginManager:220 - loadIPPluginJar : add i3c
2024-03-28 10:20:19,261 [INFO] IPUIPlugin:80 - create IPUIPlugin
2024-03-28 10:20:19,261 [INFO] PluginManager:220 - loadIPPluginJar : add resmgrutility
2024-03-28 10:20:19,263 [INFO] IPUIPlugin:80 - create IPUIPlugin
2024-03-28 10:20:19,263 [INFO] PluginManager:220 - loadIPPluginJar : add pdm2pcm
2024-03-28 10:20:19,265 [INFO] IPUIPlugin:80 - create IPUIPlugin
2024-03-28 10:20:19,266 [INFO] PluginManager:220 - loadIPPluginJar : add i2c
2024-03-28 10:20:19,268 [INFO] IPUIPlugin:80 - create IPUIPlugin
2024-03-28 10:20:19,268 [INFO] PluginManager:220 - loadIPPluginJar : add can
2024-03-28 10:20:19,269 [INFO] IPUIPlugin:80 - create IPUIPlugin
2024-03-28 10:20:19,269 [INFO] PluginManager:220 - loadIPPluginJar : add ltdc
2024-03-28 10:20:19,271 [INFO] IPUIPlugin:80 - create IPUIPlugin
2024-03-28 10:20:19,271 [INFO] PluginManager:220 - loadIPPluginJar : add opamp
2024-03-28 10:20:19,273 [INFO] IPUIPlugin:80 - create IPUIPlugin
2024-03-28 10:20:19,273 [INFO] PluginManager:220 - loadIPPluginJar : add tim
2024-03-28 10:20:19,275 [INFO] IPUIPlugin:80 - create IPUIPlugin
2024-03-28 10:20:19,275 [INFO] PluginManager:220 - loadIPPluginJar : add gtzc
2024-03-28 10:20:19,276 [INFO] IPUIPlugin:80 - create IPUIPlugin
2024-03-28 10:20:19,277 [INFO] PluginManager:220 - loadIPPluginJar : add fatfs
2024-03-28 10:20:19,278 [INFO] IPUIPlugin:80 - create IPUIPlugin
2024-03-28 10:20:19,278 [INFO] PluginManager:220 - loadIPPluginJar : add i2s
2024-03-28 10:20:19,283 [INFO] IPUIPlugin:80 - create IPUIPlugin
2024-03-28 10:20:19,283 [INFO] PluginManager:220 - loadIPPluginJar : add freertos
2024-03-28 10:20:19,286 [INFO] IPUIPlugin:80 - create IPUIPlugin
2024-03-28 10:20:19,286 [INFO] PluginManager:220 - loadIPPluginJar : add fmc
2024-03-28 10:20:19,289 [INFO] IPUIPlugin:80 - create IPUIPlugin
2024-03-28 10:20:19,289 [INFO] PluginManager:220 - loadIPPluginJar : add openamp
2024-03-28 10:20:19,294 [INFO] IPUIPlugin:80 - create IPUIPlugin
2024-03-28 10:20:19,296 [INFO] PluginManager:220 - loadIPPluginJar : add plateformsettings
2024-03-28 10:20:19,298 [INFO] IPUIPlugin:80 - create IPUIPlugin
2024-03-28 10:20:19,298 [INFO] PluginManager:220 - loadIPPluginJar : add ts
2024-03-28 10:20:19,301 [INFO] IPUIPlugin:80 - create IPUIPlugin
2024-03-28 10:20:19,301 [INFO] PluginManager:220 - loadIPPluginJar : add nvic
2024-03-28 10:20:19,303 [INFO] IPUIPlugin:80 - create IPUIPlugin
2024-03-28 10:20:19,303 [INFO] PluginManager:220 - loadIPPluginJar : add lorawan
2024-03-28 10:20:19,305 [INFO] IPUIPlugin:80 - create IPUIPlugin
2024-03-28 10:20:19,305 [INFO] PluginManager:220 - loadIPPluginJar : add comp
2024-03-28 10:20:19,308 [INFO] IPUIPlugin:80 - create IPUIPlugin
2024-03-28 10:20:19,308 [INFO] PluginManager:220 - loadIPPluginJar : add sai
2024-03-28 10:20:19,310 [INFO] IPUIPlugin:80 - create IPUIPlugin
2024-03-28 10:20:19,310 [INFO] PluginManager:220 - loadIPPluginJar : add spi
2024-03-28 10:20:19,311 [INFO] IPUIPlugin:80 - create IPUIPlugin
2024-03-28 10:20:19,312 [INFO] PluginManager:220 - loadIPPluginJar : add hash
2024-03-28 10:20:19,315 [INFO] IPUIPlugin:80 - create IPUIPlugin
2024-03-28 10:20:19,316 [INFO] PluginManager:220 - loadIPPluginJar : add mdma
2024-03-28 10:20:19,319 [INFO] IPUIPlugin:80 - create IPUIPlugin
2024-03-28 10:20:19,319 [INFO] PluginManager:220 - loadIPPluginJar : add gpio
2024-03-28 10:20:19,322 [INFO] IPUIPlugin:80 - create IPUIPlugin
2024-03-28 10:20:19,322 [INFO] PluginManager:220 - loadIPPluginJar : add ipddr
2024-03-28 10:20:19,326 [INFO] IPUIPlugin:80 - create IPUIPlugin
2024-03-28 10:20:19,326 [INFO] PluginManager:220 - loadIPPluginJar : add stm32_wpan
2024-03-28 10:20:19,330 [INFO] IPUIPlugin:80 - create IPUIPlugin
2024-03-28 10:20:19,330 [INFO] PluginManager:220 - loadIPPluginJar : add adc
2024-03-28 10:20:19,332 [INFO] IPUIPlugin:80 - create IPUIPlugin
2024-03-28 10:20:19,332 [INFO] PluginManager:220 - loadIPPluginJar : add tracer_emb
2024-03-28 10:20:19,334 [INFO] IPUIPlugin:80 - create IPUIPlugin
2024-03-28 10:20:19,335 [INFO] PluginManager:220 - loadIPPluginJar : add touchsensing
2024-03-28 10:20:19,336 [INFO] IPUIPlugin:80 - create IPUIPlugin
2024-03-28 10:20:19,336 [INFO] PluginManager:220 - loadIPPluginJar : add gfxmmu
2024-03-28 10:20:19,339 [INFO] IPUIPlugin:80 - create IPUIPlugin
2024-03-28 10:20:19,339 [INFO] PluginManager:220 - loadIPPluginJar : add usart
2024-03-28 10:20:19,342 [INFO] IPUIPlugin:80 - create IPUIPlugin
2024-03-28 10:20:19,343 [INFO] PluginManager:220 - loadIPPluginJar : add gic
2024-03-28 10:20:19,345 [INFO] IPUIPlugin:80 - create IPUIPlugin
2024-03-28 10:20:19,345 [INFO] PluginManager:220 - loadIPPluginJar : add usbx
2024-03-28 10:20:19,444 [INFO] CADModel:165 - CPN selected for project level
2024-03-28 10:20:19,444 [INFO] CADModel:114 - Register for checkConnection events
2024-03-28 10:20:19,444 [FATAL] Updater:308 - Updater called before beeing initialized
2024-03-28 10:20:19,444 [ERROR] CADModel:125 - Updater not yet initialized, retry later 
2024-03-28 10:20:19,540 [INFO] CADModel:165 - CPN selected for project level
2024-03-28 10:20:19,540 [INFO] CADModel:114 - Register for checkConnection events
2024-03-28 10:20:19,540 [FATAL] Updater:308 - Updater called before beeing initialized
2024-03-28 10:20:19,540 [ERROR] CADModel:125 - Updater not yet initialized, retry later 
2024-03-28 10:20:19,542 [FATAL] Updater:308 - Updater called before beeing initialized
2024-03-28 10:20:19,615 [FATAL] Updater:308 - Updater called before beeing initialized
2024-03-28 10:20:19,619 [INFO] DbMcusAds:53 - JSON generation date=Wed Nov 29 05:52:27 EST 2023 (1701255147349)
2024-03-28 10:20:19,619 [FATAL] Updater:308 - Updater called before beeing initialized
2024-03-28 10:20:19,645 [WARN] DetailPanel:346 - Failed to get advertising image, set to default
2024-03-28 10:20:19,724 [FATAL] Updater:308 - Updater called before beeing initialized
2024-03-28 10:20:19,726 [FATAL] Updater:308 - Updater called before beeing initialized
2024-03-28 10:20:19,726 [FATAL] Updater:308 - Updater called before beeing initialized
2024-03-28 10:20:19,726 [WARN] DetailPanel:346 - Failed to get advertising image, set to default
2024-03-28 10:20:19,727 [FATAL] Updater:308 - Updater called before beeing initialized
2024-03-28 10:20:19,763 [ERROR] Updater:1120 - MainUpdater not yet initialized. External WinMGr cannot be set.
2024-03-28 10:20:19,765 [INFO] Updater:1056 - Updater Version found : 6.9.2
2024-03-28 10:20:19,786 [INFO] ApplicationProperties:184 - Using Application install path: /opt/st/stm32cubeide_1.13.2/plugins/com.st.stm32cube.common.mx_6.9.2.202309101412
2024-03-28 10:20:20,023 [INFO] MainUpdater:2868 - connection check result : 10
2024-03-28 10:20:20,023 [INFO] MainUpdater:3562 - Updater definition file requires update
2024-03-28 10:20:20,024 [INFO] MainUpdater:285 - Updater Check For Update Now.
2024-03-28 10:20:20,024 [INFO] MicroXplorer:498 - Change Database Version : DB.6.0.92
2024-03-28 10:20:20,036 [INFO] McuFinderGlobals:63 - Set McuFinder mode to 2 (CubeIDE integrated)
2024-03-28 10:20:20,041 [INFO] ServerAccessManage:473 - Download File updaters.zip
2024-03-28 10:20:20,159 [INFO] FileExtend:240 - Unzip File : updaters.zip
2024-03-28 10:20:20,160 [INFO] FileExtend:255 - Standard Zip Deflate
2024-03-28 10:20:20,344 [INFO] ServerAccessManage:473 - Download File PacksControlFlags.xml
2024-03-28 10:20:20,396 [INFO] ServerAccessManage:473 - Download File cubemx.pidx
2024-03-28 10:20:20,832 [INFO] ServerAccessManage:473 - Download File STMicroelectronics.FP-SNS-MOTENV1.pdsc
2024-03-28 10:20:21,663 [INFO] ServerAccessManage:473 - Download File STMicroelectronics.X-CUBE-NFC6.pdsc
2024-03-28 10:20:21,873 [WARN] MainUpdater:1189 - Updater busy. Cannot search thirdparties
2024-03-28 10:20:21,873 [INFO] ThirdPartyUpdaterWithRetryManager:96 - Updater plugin is busy. [1/15]
2024-03-28 10:20:21,965 [INFO] ServerAccessManage:473 - Download File STMicroelectronics.X-CUBE-SAFEA1.pdsc
2024-03-28 10:20:22,212 [INFO] ServerAccessManage:473 - Download File STMicroelectronics.X-CUBE-TOUCHGFX.pdsc
2024-03-28 10:20:24,874 [WARN] MainUpdater:1189 - Updater busy. Cannot search thirdparties
2024-03-28 10:20:24,874 [INFO] ThirdPartyUpdaterWithRetryManager:96 - Updater plugin is busy. [2/15]
2024-03-28 10:20:25,366 [WARN] PackLoader:240 - Cannot read IP mode file for STMicroelectronics.FP-SNS-MOTENV1.5.0.0
2024-03-28 10:20:25,382 [WARN] PackLoader:240 - Cannot read IP mode file for STMicroelectronics.X-CUBE-NFC6.3.1.0
2024-03-28 10:20:25,393 [WARN] PackLoader:240 - Cannot read IP mode file for STMicroelectronics.X-CUBE-SAFEA1.1.2.2
2024-03-28 10:20:25,398 [WARN] PackLoader:240 - Cannot read IP mode file for STMicroelectronics.X-CUBE-TOUCHGFX.4.23.1
2024-03-28 10:20:25,398 [INFO] PopulateThirdPartyThread:66 - Ending populate Thread
2024-03-28 10:20:25,399 [INFO] ThirdParty:1030 - CMSIS Pack Vendor :STMicroelectronics X-CUBE-TOUCHGFX 4.23.1
2024-03-28 10:20:25,399 [INFO] ThirdParty:1030 - CMSIS Pack Vendor :STMicroelectronics FP-SNS-MOTENV1 5.0.0
2024-03-28 10:20:25,399 [INFO] ThirdParty:1030 - CMSIS Pack Vendor :STMicroelectronics X-CUBE-SAFEA1 1.2.2
2024-03-28 10:20:25,399 [INFO] ThirdParty:1030 - CMSIS Pack Vendor :STMicroelectronics X-CUBE-NFC6 3.1.0
2024-03-28 10:20:25,400 [INFO] LoadServerUpdatesThread:373 - End of LoadServerUpdate Thread
2024-03-28 10:20:25,480 [INFO] CheckServerUpdateThread:120 - End of CheckServer Thread
2024-03-28 10:20:27,954 [WARN] PackLoader:240 - Cannot read IP mode file for STMicroelectronics.X-CUBE-SMBUS.2.1.0
2024-03-28 10:20:27,956 [WARN] PackLoader:240 - Cannot read IP mode file for STMicroelectronics.X-CUBE-TOUCHGFX.4.23.1
2024-03-28 10:20:27,958 [WARN] PackLoader:240 - Cannot read IP mode file for STMicroelectronics.X-CUBE-TOUCHGFX.4.23.0
2024-03-28 10:20:27,972 [WARN] PackLoader:240 - Cannot read IP mode file for STMicroelectronics.X-CUBE-AZRTOS-F7.1.1.0
2024-03-28 10:20:27,979 [WARN] PackLoader:240 - Cannot read IP mode file for STMicroelectronics.FP-SNS-MOTENV1.4.3.2
2024-03-28 10:20:27,984 [WARN] PackLoader:240 - Cannot read IP mode file for STMicroelectronics.FP-SNS-FLIGHT1.5.0.2
2024-03-28 10:20:27,990 [WARN] PackLoader:240 - Cannot read IP mode file for STMicroelectronics.X-CUBE-DISPLAY.3.0.0
2024-03-28 10:20:28,001 [WARN] PackLoader:240 - Cannot read IP mode file for STMicroelectronics.X-CUBE-BLE1.7.0.0
2024-03-28 10:20:28,007 [WARN] PackLoader:240 - Cannot read IP mode file for emotas.I-CUBE-CANOPEN.1.3.0
2024-03-28 10:20:28,018 [WARN] PackLoader:240 - Cannot read IP mode file for STMicroelectronics.X-CUBE-BLEMGR.3.1.0
2024-03-28 10:20:28,030 [INFO] LogOutputStream:77 - [STDOUT_REDIRECT] 1 : Invalid condition id : UX_CORESTACK_Condition cause : null
2024-03-28 10:20:28,031 [INFO] LogOutputStream:77 - [STDOUT_REDIRECT] 1 : Invalid condition id : UX_CORESTACK_Condition cause : null
2024-03-28 10:20:28,031 [INFO] LogOutputStream:77 - [STDOUT_REDIRECT] 1 : Invalid condition id : UX_CORESTACK_Condition cause : null
2024-03-28 10:20:28,032 [INFO] LogOutputStream:77 - [STDOUT_REDIRECT] 1 : Invalid condition id : UX_CORESTACK_Condition cause : null
2024-03-28 10:20:28,032 [INFO] LogOutputStream:77 - [STDOUT_REDIRECT] 1 : Invalid condition id : UX_CORESTACK_Condition cause : null
2024-03-28 10:20:28,034 [WARN] PackLoader:240 - Cannot read IP mode file for STMicroelectronics.X-CUBE-AZRTOS-WL.2.0.0
2024-03-28 10:20:28,039 [WARN] PackLoader:240 - Cannot read IP mode file for STMicroelectronics.FP-SNS-MOTENV1.5.0.0
2024-03-28 10:20:28,047 [WARN] PackLoader:240 - Cannot read IP mode file for WES.I-CUBE-Cesium.1.3.0
2024-03-28 10:20:28,055 [WARN] PackLoader:240 - Cannot read IP mode file for STMicroelectronics.X-CUBE-BLE2.3.3.0
2024-03-28 10:20:28,061 [WARN] PackLoader:240 - Cannot read IP mode file for STMicroelectronics.X-CUBE-ALGOBUILD.1.3.0
2024-03-28 10:20:28,076 [WARN] PackLoader:240 - Cannot read IP mode file for STMicroelectronics.X-CUBE-AZRTOS-G0.1.1.0
2024-03-28 10:20:28,082 [WARN] PackLoader:240 - Cannot read IP mode file for STMicroelectronics.X-CUBE-SAFEA1.1.2.2
2024-03-28 10:20:28,086 [WARN] PackLoader:240 - Cannot read IP mode file for STMicroelectronics.X-CUBE-NFC4.3.0.0
2024-03-28 10:20:28,092 [WARN] PackLoader:240 - Cannot read IP mode file for STMicroelectronics.X-CUBE-BLEMGR.3.0.0
2024-03-28 10:20:28,097 [WARN] PackLoader:240 - Cannot read IP mode file for STMicroelectronics.FP-ATR-SIGFOX1.3.2.0
2024-03-28 10:20:28,117 [WARN] PackLoader:240 - Cannot read IP mode file for SEGGER.I-CUBE-embOS.1.3.1
2024-03-28 10:20:28,146 [WARN] PackLoader:240 - Cannot read IP mode file for STMicroelectronics.X-CUBE-GNSS1.6.0.0
2024-03-28 10:20:28,158 [WARN] PackLoader:240 - Cannot read IP mode file for STMicroelectronics.X-CUBE-AZRTOS-F4.1.1.0
2024-03-28 10:20:28,164 [WARN] PackLoader:240 - Cannot read IP mode file for wolfSSL.I-CUBE-wolfSSL.5.6.6
2024-03-28 10:20:28,177 [WARN] PackLoader:240 - Cannot read IP mode file for STMicroelectronics.X-CUBE-AZRTOS-L5.2.0.0
2024-03-28 10:20:28,183 [WARN] PackLoader:240 - Cannot read IP mode file for STMicroelectronics.X-CUBE-NFC6.3.1.0
2024-03-28 10:20:28,189 [WARN] PackLoader:240 - Cannot read IP mode file for ITTIA_DB.I-CUBE-ITTIADB.8.8.0
2024-03-28 10:20:28,194 [WARN] PackLoader:240 - Cannot read IP mode file for STMicroelectronics.X-CUBE-NFC7.1.0.1
2024-03-28 10:20:28,200 [WARN] PackLoader:240 - Cannot read IP mode file for STMicroelectronics.X-CUBE-NFC6.3.0.0
2024-03-28 10:20:28,206 [WARN] PackLoader:240 - Cannot read IP mode file for STMicroelectronics.X-CUBE-AI.8.1.0
2024-03-28 10:20:28,222 [WARN] ConditionMgr:438 - getConditionDescription Invalid condition id : LAN8742 Phy interface Condition cause : null
2024-03-28 10:20:28,223 [WARN] PackLoader:240 - Cannot read IP mode file for STMicroelectronics.X-CUBE-AZRTOS-L4.2.0.0
2024-03-28 10:20:28,224 [WARN] ConditionMgr:1039 - genDependencies : Invalid condition id : LAN8742 Phy interface Condition cause : null
2024-03-28 10:20:28,225 [WARN] ConditionMgr:1039 - genDependencies : Invalid condition id : LAN8742 Phy interface Condition cause : null
2024-03-28 10:20:28,226 [WARN] ConditionMgr:1039 - genDependencies : Invalid condition id : LAN8742 Phy interface Condition cause : null
2024-03-28 10:20:28,232 [WARN] PackLoader:240 - Cannot read IP mode file for STMicroelectronics.X-CUBE-SFXS2LP1.4.0.0
2024-03-28 10:20:28,247 [WARN] ConditionMgr:438 - getConditionDescription Invalid condition id : UX DEVICE CLASS RTOS Condition cause : null
2024-03-28 10:20:28,248 [WARN] ConditionMgr:438 - getConditionDescription Invalid condition id : UX DEVICE CLASS RTOS Condition cause : null
2024-03-28 10:20:28,249 [WARN] PackLoader:240 - Cannot read IP mode file for STMicroelectronics.X-CUBE-AZRTOS-WB.2.0.0
2024-03-28 10:20:28,250 [WARN] ConditionMgr:1039 - genDependencies : Invalid condition id : UX DEVICE CLASS RTOS Condition cause : null
2024-03-28 10:20:28,250 [WARN] ConditionMgr:1039 - genDependencies : Invalid condition id : UX DEVICE CLASS RTOS Condition cause : null
2024-03-28 10:20:28,251 [WARN] ConditionMgr:1039 - genDependencies : Invalid condition id : UX DEVICE CLASS RTOS Condition cause : null
2024-03-28 10:20:28,252 [WARN] ConditionMgr:1039 - genDependencies : Invalid condition id : UX DEVICE CLASS RTOS Condition cause : null
2024-03-28 10:20:28,252 [WARN] ConditionMgr:1039 - genDependencies : Invalid condition id : UX DEVICE CLASS RTOS Condition cause : null
2024-03-28 10:20:28,260 [WARN] PackLoader:240 - Cannot read IP mode file for STMicroelectronics.X-CUBE-SUBG2.5.0.0
2024-03-28 10:20:28,274 [WARN] PackLoader:240 - Cannot read IP mode file for STMicroelectronics.X-CUBE-AZRTOS-G4.2.0.0
2024-03-28 10:20:28,285 [WARN] PackLoader:240 - Cannot read IP mode file for Infineon.AIROC-Wi-Fi-Bluetooth-STM32.1.5.1
2024-03-28 10:20:28,291 [WARN] PackLoader:240 - Cannot read IP mode file for STMicroelectronics.X-CUBE-FREERTOS.1.1.0
2024-03-28 10:20:28,295 [WARN] PackLoader:240 - Cannot read IP mode file for portGmbH.I-Cube-SoM-uGOAL.1.1.0
2024-03-28 10:20:28,298 [WARN] PackLoader:240 - Cannot read IP mode file for STMicroelectronics.X-CUBE-ALS.1.0.1
2024-03-28 10:20:28,302 [WARN] PackLoader:240 - Cannot read IP mode file for STMicroelectronics.FP-ATR-ASTRA1.2.0.0
2024-03-28 10:20:28,310 [WARN] PackLoader:240 - Cannot read IP mode file for STMicroelectronics.X-CUBE-TOF1.3.4.1
2024-03-28 10:20:28,331 [WARN] PackLoader:240 - Cannot read IP mode file for STMicroelectronics.X-CUBE-AZRTOS-H7.3.2.0
2024-03-28 10:20:28,335 [INFO] ThirdParty:978 - Integrity check success = true
2024-03-28 10:20:28,335 [INFO] IntegrityCheckThread:100 - exiting critical section [integrity check]
2024-03-28 10:20:28,335 [INFO] IntegrityCheckThread:103 - End integrity checks thread
2024-03-28 10:20:40,576 [ERROR] LogOutputStream:75 - [STDERR_REDIRECT] SLF4J: Failed to load class "org.slf4j.impl.StaticLoggerBinder".
2024-03-28 10:20:40,576 [ERROR] LogOutputStream:75 - [STDERR_REDIRECT] SLF4J: Defaulting to no-operation (NOP) logger implementation
2024-03-28 10:20:40,577 [ERROR] LogOutputStream:75 - [STDERR_REDIRECT] SLF4J: See http://www.slf4j.org/codes.html#StaticLoggerBinder for further details.
2024-03-28 15:00:21,358 [ERROR] ConfigurationRetriever:142 - IOException on connection: sw-center.st.com
2024-03-28 15:00:21,359 [ERROR] ConfigurationRetriever:142 - IOException on connection: sw-center.st.com
2024-03-28 15:00:21,360 [ERROR] ConfigurationRetriever:142 - IOException on connection: sw-center.st.com
2024-03-28 15:18:46,348 [INFO] Activator:176 - 


2024-03-28 15:18:46,350 [INFO] Activator:177 - !SESSION log4j initialized
2024-03-28 15:18:51,356 [INFO] LogOutputStream:77 - [STDOUT_REDIRECT] 
2024-03-28 15:18:52,214 [INFO] ApplicationProperties:184 - Using Application install path: /opt/st/stm32cubeide_1.13.2/plugins/com.st.stm32cube.common.mx_6.9.2.202309101412
2024-03-28 15:18:52,240 [INFO] DbMcusXml:78 - Set database path to: /opt/st/stm32cubeide_1.13.2/plugins/com.st.stm32cube.common.mx_6.9.2.202309101412//db//mcu/
2024-03-28 15:18:52,241 [INFO] ApiDb:274 - Set plugin database path to: /opt/st/stm32cubeide_1.13.2/plugins/com.st.stm32cube.common.mx_6.9.2.202309101412//db//plugins/boardmanager/
2024-03-28 15:18:52,241 [WARN] ApiDb:259 - Overriding images path with different value:  => /opt/st/stm32cubeide_1.13.2/plugins/com.st.stm32cube.common.mx_6.9.2.202309101412//db//plugins/mcufinder/images/
2024-03-28 15:18:52,259 [INFO] ApiDb:250 - Set database path to: /home/quinn/.stmcufinder/plugins/mcufinder//mcu/
2024-03-28 15:18:52,261 [INFO] DbMcusAds:125 - Set database path to: /home/quinn/.stmcufinder/plugins/mcufinder//mcu/
2024-03-28 15:18:52,264 [INFO] CrossReferenceDbSqlite:203 - Set database path to: /home/quinn/.stmcufinder/plugins/mcufinder//mcu/cs/
2024-03-28 15:18:52,390 [INFO] RulesReader:64 - Compatibility file has been processed (293 Rules)
2024-03-28 15:18:52,483 [INFO] DbMcusXml:78 - Set database path to: /opt/st/stm32cubeide_1.13.2/plugins/com.st.stm32cube.common.mx_6.9.2.202309101412//db//mcu/
2024-03-28 15:18:52,484 [INFO] ApiDb:274 - Set plugin database path to: /opt/st/stm32cubeide_1.13.2/plugins/com.st.stm32cube.common.mx_6.9.2.202309101412//db//plugins/boardmanager/
2024-03-28 15:18:52,484 [INFO] ApiDb:261 - Set plugin images path to: /opt/st/stm32cubeide_1.13.2/plugins/com.st.stm32cube.common.mx_6.9.2.202309101412//db//plugins/mcufinder/images/
2024-03-28 15:18:52,484 [WARN] DbFile:41 - Overriding database path with different value: /home/quinn/.stmcufinder/plugins/mcufinder/ => /home/quinn/.stmcufinder/plugins/mcufinder
2024-03-28 15:18:52,484 [INFO] ApiDb:250 - Set database path to: /home/quinn/.stmcufinder/plugins/mcufinder//mcu/
2024-03-28 15:18:52,484 [WARN] DbFile:41 - Overriding database path with different value: /home/quinn/.stmcufinder/plugins/mcufinder/ => /home/quinn/.stmcufinder/plugins/mcufinder
2024-03-28 15:18:52,484 [INFO] DbMcusAds:125 - Set database path to: /home/quinn/.stmcufinder/plugins/mcufinder//mcu/
2024-03-28 15:18:52,485 [WARN] DbFile:41 - Overriding database path with different value: /home/quinn/.stmcufinder/plugins/mcufinder/ => /home/quinn/.stmcufinder/plugins/mcufinder
2024-03-28 15:18:52,485 [WARN] DbFile:41 - Overriding database path with different value: /home/quinn/.stmcufinder/plugins/mcufinder/ => /home/quinn/.stmcufinder/plugins/mcufinder
2024-03-28 15:18:52,485 [INFO] CrossReferenceDbSqlite:203 - Set database path to: /home/quinn/.stmcufinder/plugins/mcufinder//mcu/cs/
2024-03-28 15:18:52,593 [INFO] MainPanel:262 - HeapMemory: 268435456
2024-03-28 15:18:52,735 [INFO] DbMcusXml:78 - Set database path to: /opt/st/stm32cubeide_1.13.2/plugins/com.st.stm32cube.common.mx_6.9.2.202309101412//db//mcu/
2024-03-28 15:18:52,736 [INFO] ApiDb:274 - Set plugin database path to: /opt/st/stm32cubeide_1.13.2/plugins/com.st.stm32cube.common.mx_6.9.2.202309101412//db//plugins/boardmanager/
2024-03-28 15:18:52,736 [INFO] ApiDb:261 - Set plugin images path to: /opt/st/stm32cubeide_1.13.2/plugins/com.st.stm32cube.common.mx_6.9.2.202309101412//db//plugins/mcufinder/images/
2024-03-28 15:18:52,736 [WARN] DbFile:41 - Overriding database path with different value: /home/quinn/.stmcufinder/plugins/mcufinder/ => /home/quinn/.stmcufinder/plugins/mcufinder
2024-03-28 15:18:52,737 [INFO] ApiDb:250 - Set database path to: /home/quinn/.stmcufinder/plugins/mcufinder//mcu/
2024-03-28 15:18:52,737 [WARN] DbFile:41 - Overriding database path with different value: /home/quinn/.stmcufinder/plugins/mcufinder/ => /home/quinn/.stmcufinder/plugins/mcufinder
2024-03-28 15:18:52,737 [INFO] DbMcusAds:125 - Set database path to: /home/quinn/.stmcufinder/plugins/mcufinder//mcu/
2024-03-28 15:18:52,737 [WARN] DbFile:41 - Overriding database path with different value: /home/quinn/.stmcufinder/plugins/mcufinder/ => /home/quinn/.stmcufinder/plugins/mcufinder
2024-03-28 15:18:52,737 [WARN] DbFile:41 - Overriding database path with different value: /home/quinn/.stmcufinder/plugins/mcufinder/ => /home/quinn/.stmcufinder/plugins/mcufinder
2024-03-28 15:18:52,737 [INFO] CrossReferenceDbSqlite:203 - Set database path to: /home/quinn/.stmcufinder/plugins/mcufinder//mcu/cs/
2024-03-28 15:18:52,761 [INFO] ApplicationProperties:184 - Using Application install path: /opt/st/stm32cubeide_1.13.2/plugins/com.st.stm32cube.common.mx_6.9.2.202309101412
2024-03-28 15:18:52,763 [INFO] PluginManage:196 - Search for loadable plugins [exclusion list=, ]
2024-03-28 15:18:52,765 [INFO] PluginManage:310 - Check plugin analytics
2024-03-28 15:18:52,986 [INFO] AnalyticsPlugin:253 - Accepted Software Licenses: 
2024-03-28 15:18:52,986 [INFO] AnalyticsPlugin:255 - Accepted CMSIS Pack Licenses: 
2024-03-28 15:18:52,987 [INFO] AnalyticsPlugin:257 - Accepted Firmware Licenses: FW.F7.1.17.0,FW.F4.1.27.0
2024-03-28 15:18:52,992 [INFO] PluginManage:359 - Loaded plugin analytics (category:tool,tabindex:-1)
2024-03-28 15:18:52,992 [INFO] PluginManage:310 - Check plugin cadmodel
2024-03-28 15:18:53,084 [INFO] CADModel:105 - Init CAD model plugin
2024-03-28 15:18:53,085 [INFO] PluginManage:359 - Loaded plugin cadmodel (category:power,tabindex:5)
2024-03-28 15:18:53,086 [INFO] PluginManage:310 - Check plugin clock
2024-03-28 15:18:53,100 [INFO] PluginManage:359 - Loaded plugin clock (category:base,tabindex:2)
2024-03-28 15:18:53,100 [INFO] PluginManage:310 - Check plugin ddr
2024-03-28 15:18:53,103 [INFO] PluginManage:359 - Loaded plugin ddr (category:tool,tabindex:6)
2024-03-28 15:18:53,104 [INFO] PluginManage:310 - Check plugin filemanager
2024-03-28 15:18:53,318 [INFO] PluginManage:359 - Loaded plugin filemanager (category:base,tabindex:10)
2024-03-28 15:18:53,319 [INFO] PluginManage:310 - Check plugin ipmanager
2024-03-28 15:18:53,329 [INFO] PluginManage:359 - Loaded plugin ipmanager (category:base,tabindex:5)
2024-03-28 15:18:53,330 [INFO] PluginManage:310 - Check plugin lpbam
2024-03-28 15:18:53,344 [INFO] PluginManage:359 - Loaded plugin lpbam (category:base,tabindex:0)
2024-03-28 15:18:53,344 [INFO] PluginManage:310 - Check plugin memorymap
2024-03-28 15:18:53,359 [INFO] PluginManage:359 - Loaded plugin memorymap (category:base,tabindex:4)
2024-03-28 15:18:53,359 [INFO] PluginManage:310 - Check plugin pinoutandconfiguration
2024-03-28 15:18:53,368 [INFO] PluginManage:359 - Loaded plugin pinoutandconfiguration (category:base,tabindex:1)
2024-03-28 15:18:53,369 [INFO] PluginManage:310 - Check plugin pinoutconfig
2024-03-28 15:18:53,477 [WARN] SupportedApi:132 - Cannot load RTOS API schema: s4s-elt-must-match.1: The content of 'definitions' must match (annotation?, (simpleType | complexType)?, (unique | key | keyref)*)). A problem was found starting at: attribute.
2024-03-28 15:18:53,796 [INFO] PluginManage:359 - Loaded plugin pinoutconfig (category:base,tabindex:0)
2024-03-28 15:18:53,797 [INFO] PluginManage:310 - Check plugin power
2024-03-28 15:18:53,816 [INFO] PluginManage:359 - Loaded plugin power (category:power,tabindex:4)
2024-03-28 15:18:53,816 [INFO] PluginManage:310 - Check plugin projectmanager
2024-03-28 15:18:53,844 [INFO] PluginManage:359 - Loaded plugin projectmanager (category:projectmanager,tabindex:3)
2024-03-28 15:18:53,844 [INFO] PluginManage:310 - Check plugin thirdparty
2024-03-28 15:18:54,125 [INFO] PluginManage:359 - Loaded plugin thirdparty (category:base,tabindex:-1)
2024-03-28 15:18:54,125 [WARN] IntegrityCheckThread:84 - waiting for thirdparty lock release [integrity check]
2024-03-28 15:18:54,125 [INFO] PluginManage:310 - Check plugin tools
2024-03-28 15:18:54,126 [INFO] IntegrityCheckThread:86 - entering critical section [integrity check]
2024-03-28 15:18:54,126 [INFO] ThirdPartyUpdaterWithRetryManager:70 - Updater plugin not ready yet. [1/15]
2024-03-28 15:18:54,129 [INFO] PluginManage:359 - Loaded plugin tools (category:base,tabindex:7)
2024-03-28 15:18:54,129 [INFO] PluginManage:310 - Check plugin tutovideos
2024-03-28 15:18:54,388 [INFO] PluginManage:359 - Loaded plugin tutovideos (category:base,tabindex:-1)
2024-03-28 15:18:54,388 [INFO] PluginManage:310 - Check plugin updater
2024-03-28 15:18:54,402 [INFO] PluginManage:359 - Loaded plugin updater (category:base,tabindex:12)
2024-03-28 15:18:54,402 [INFO] PluginManage:310 - Check plugin userauth
2024-03-28 15:18:54,408 [INFO] UserAuth:113 - Init User Auth plugin
2024-03-28 15:18:54,408 [INFO] PluginManage:359 - Loaded plugin userauth (category:base,tabindex:14)
2024-03-28 15:18:54,408 [INFO] PluginManage:283 - PluginManage : Loaded plugins [17]
2024-03-28 15:18:54,587 [INFO] PinOutPanel:1499 - setPackage(No Configuration,No Configuration)
2024-03-28 15:18:54,662 [INFO] CADModel:165 - CPN selected for project level
2024-03-28 15:18:54,662 [INFO] CADModel:114 - Register for checkConnection events
2024-03-28 15:18:54,676 [INFO] IPUIPlugin:80 - create IPUIPlugin
2024-03-28 15:18:54,676 [INFO] PluginManager:220 - loadIPPluginJar : add aes
2024-03-28 15:18:54,678 [INFO] IPUIPlugin:80 - create IPUIPlugin
2024-03-28 15:18:54,678 [INFO] PluginManager:220 - loadIPPluginJar : add tsc
2024-03-28 15:18:54,680 [INFO] IPUIPlugin:80 - create IPUIPlugin
2024-03-28 15:18:54,680 [INFO] PluginManager:220 - loadIPPluginJar : add dfsdm
2024-03-28 15:18:54,686 [INFO] IPUIPlugin:80 - create IPUIPlugin
2024-03-28 15:18:54,686 [INFO] PluginManager:220 - loadIPPluginJar : add dma
2024-03-28 15:18:54,689 [INFO] IPUIPlugin:80 - create IPUIPlugin
2024-03-28 15:18:54,689 [INFO] PluginManager:220 - loadIPPluginJar : add cryp
2024-03-28 15:18:54,694 [INFO] IPUIPlugin:80 - create IPUIPlugin
2024-03-28 15:18:54,695 [INFO] PluginManager:220 - loadIPPluginJar : add linkedlist
2024-03-28 15:18:54,696 [INFO] IPUIPlugin:80 - create IPUIPlugin
2024-03-28 15:18:54,696 [INFO] PluginManager:220 - loadIPPluginJar : add genericplugin
2024-03-28 15:18:54,698 [INFO] IPUIPlugin:80 - create IPUIPlugin
2024-03-28 15:18:54,698 [INFO] PluginManager:220 - loadIPPluginJar : add dma3
2024-03-28 15:18:54,699 [INFO] IPUIPlugin:80 - create IPUIPlugin
2024-03-28 15:18:54,699 [INFO] PluginManager:220 - loadIPPluginJar : add quadspi
2024-03-28 15:18:54,701 [INFO] IPUIPlugin:80 - create IPUIPlugin
2024-03-28 15:18:54,701 [INFO] PluginManager:220 - loadIPPluginJar : add ucpd
2024-03-28 15:18:54,703 [INFO] IPUIPlugin:80 - create IPUIPlugin
2024-03-28 15:18:54,703 [INFO] PluginManager:220 - loadIPPluginJar : add i3c
2024-03-28 15:18:54,708 [INFO] IPUIPlugin:80 - create IPUIPlugin
2024-03-28 15:18:54,708 [INFO] PluginManager:220 - loadIPPluginJar : add resmgrutility
2024-03-28 15:18:54,711 [INFO] IPUIPlugin:80 - create IPUIPlugin
2024-03-28 15:18:54,711 [INFO] PluginManager:220 - loadIPPluginJar : add pdm2pcm
2024-03-28 15:18:54,713 [INFO] IPUIPlugin:80 - create IPUIPlugin
2024-03-28 15:18:54,713 [INFO] PluginManager:220 - loadIPPluginJar : add i2c
2024-03-28 15:18:54,715 [INFO] IPUIPlugin:80 - create IPUIPlugin
2024-03-28 15:18:54,715 [INFO] PluginManager:220 - loadIPPluginJar : add can
2024-03-28 15:18:54,717 [INFO] IPUIPlugin:80 - create IPUIPlugin
2024-03-28 15:18:54,717 [INFO] PluginManager:220 - loadIPPluginJar : add ltdc
2024-03-28 15:18:54,719 [INFO] IPUIPlugin:80 - create IPUIPlugin
2024-03-28 15:18:54,719 [INFO] PluginManager:220 - loadIPPluginJar : add opamp
2024-03-28 15:18:54,720 [INFO] IPUIPlugin:80 - create IPUIPlugin
2024-03-28 15:18:54,720 [INFO] PluginManager:220 - loadIPPluginJar : add tim
2024-03-28 15:18:54,723 [INFO] IPUIPlugin:80 - create IPUIPlugin
2024-03-28 15:18:54,723 [INFO] PluginManager:220 - loadIPPluginJar : add gtzc
2024-03-28 15:18:54,724 [INFO] IPUIPlugin:80 - create IPUIPlugin
2024-03-28 15:18:54,724 [INFO] PluginManager:220 - loadIPPluginJar : add fatfs
2024-03-28 15:18:54,726 [INFO] IPUIPlugin:80 - create IPUIPlugin
2024-03-28 15:18:54,726 [INFO] PluginManager:220 - loadIPPluginJar : add i2s
2024-03-28 15:18:54,732 [INFO] IPUIPlugin:80 - create IPUIPlugin
2024-03-28 15:18:54,732 [INFO] PluginManager:220 - loadIPPluginJar : add freertos
2024-03-28 15:18:54,737 [INFO] IPUIPlugin:80 - create IPUIPlugin
2024-03-28 15:18:54,737 [INFO] PluginManager:220 - loadIPPluginJar : add fmc
2024-03-28 15:18:54,742 [INFO] IPUIPlugin:80 - create IPUIPlugin
2024-03-28 15:18:54,742 [INFO] PluginManager:220 - loadIPPluginJar : add openamp
2024-03-28 15:18:54,751 [INFO] IPUIPlugin:80 - create IPUIPlugin
2024-03-28 15:18:54,755 [INFO] PluginManager:220 - loadIPPluginJar : add plateformsettings
2024-03-28 15:18:54,758 [INFO] IPUIPlugin:80 - create IPUIPlugin
2024-03-28 15:18:54,758 [INFO] PluginManager:220 - loadIPPluginJar : add ts
2024-03-28 15:18:54,763 [INFO] IPUIPlugin:80 - create IPUIPlugin
2024-03-28 15:18:54,763 [INFO] PluginManager:220 - loadIPPluginJar : add nvic
2024-03-28 15:18:54,766 [INFO] IPUIPlugin:80 - create IPUIPlugin
2024-03-28 15:18:54,767 [INFO] PluginManager:220 - loadIPPluginJar : add lorawan
2024-03-28 15:18:54,769 [INFO] IPUIPlugin:80 - create IPUIPlugin
2024-03-28 15:18:54,769 [INFO] PluginManager:220 - loadIPPluginJar : add comp
2024-03-28 15:18:54,773 [INFO] IPUIPlugin:80 - create IPUIPlugin
2024-03-28 15:18:54,773 [INFO] PluginManager:220 - loadIPPluginJar : add sai
2024-03-28 15:18:54,776 [INFO] IPUIPlugin:80 - create IPUIPlugin
2024-03-28 15:18:54,776 [INFO] PluginManager:220 - loadIPPluginJar : add spi
2024-03-28 15:18:54,779 [INFO] IPUIPlugin:80 - create IPUIPlugin
2024-03-28 15:18:54,779 [INFO] PluginManager:220 - loadIPPluginJar : add hash
2024-03-28 15:18:54,785 [INFO] IPUIPlugin:80 - create IPUIPlugin
2024-03-28 15:18:54,785 [INFO] PluginManager:220 - loadIPPluginJar : add mdma
2024-03-28 15:18:54,790 [INFO] IPUIPlugin:80 - create IPUIPlugin
2024-03-28 15:18:54,790 [INFO] PluginManager:220 - loadIPPluginJar : add gpio
2024-03-28 15:18:54,793 [INFO] IPUIPlugin:80 - create IPUIPlugin
2024-03-28 15:18:54,794 [INFO] PluginManager:220 - loadIPPluginJar : add ipddr
2024-03-28 15:18:54,798 [INFO] IPUIPlugin:80 - create IPUIPlugin
2024-03-28 15:18:54,798 [INFO] PluginManager:220 - loadIPPluginJar : add stm32_wpan
2024-03-28 15:18:54,804 [INFO] IPUIPlugin:80 - create IPUIPlugin
2024-03-28 15:18:54,804 [INFO] PluginManager:220 - loadIPPluginJar : add adc
2024-03-28 15:18:54,806 [INFO] IPUIPlugin:80 - create IPUIPlugin
2024-03-28 15:18:54,806 [INFO] PluginManager:220 - loadIPPluginJar : add tracer_emb
2024-03-28 15:18:54,810 [INFO] IPUIPlugin:80 - create IPUIPlugin
2024-03-28 15:18:54,810 [INFO] PluginManager:220 - loadIPPluginJar : add touchsensing
2024-03-28 15:18:54,813 [INFO] IPUIPlugin:80 - create IPUIPlugin
2024-03-28 15:18:54,813 [INFO] PluginManager:220 - loadIPPluginJar : add gfxmmu
2024-03-28 15:18:54,815 [INFO] IPUIPlugin:80 - create IPUIPlugin
2024-03-28 15:18:54,815 [INFO] PluginManager:220 - loadIPPluginJar : add usart
2024-03-28 15:18:54,820 [INFO] IPUIPlugin:80 - create IPUIPlugin
2024-03-28 15:18:54,820 [INFO] PluginManager:220 - loadIPPluginJar : add gic
2024-03-28 15:18:54,823 [INFO] IPUIPlugin:80 - create IPUIPlugin
2024-03-28 15:18:54,823 [INFO] PluginManager:220 - loadIPPluginJar : add usbx
2024-03-28 15:18:54,923 [INFO] CADModel:165 - CPN selected for project level
2024-03-28 15:18:54,923 [INFO] CADModel:114 - Register for checkConnection events
2024-03-28 15:18:54,924 [FATAL] Updater:308 - Updater called before beeing initialized
2024-03-28 15:18:54,924 [ERROR] CADModel:125 - Updater not yet initialized, retry later 
2024-03-28 15:18:55,036 [INFO] CADModel:165 - CPN selected for project level
2024-03-28 15:18:55,036 [INFO] CADModel:114 - Register for checkConnection events
2024-03-28 15:18:55,036 [FATAL] Updater:308 - Updater called before beeing initialized
2024-03-28 15:18:55,036 [ERROR] CADModel:125 - Updater not yet initialized, retry later 
2024-03-28 15:18:55,039 [FATAL] Updater:308 - Updater called before beeing initialized
2024-03-28 15:18:55,136 [FATAL] Updater:308 - Updater called before beeing initialized
2024-03-28 15:18:55,140 [INFO] DbMcusAds:53 - JSON generation date=Wed Nov 29 05:52:27 EST 2023 (1701255147349)
2024-03-28 15:18:55,141 [FATAL] Updater:308 - Updater called before beeing initialized
2024-03-28 15:18:55,172 [WARN] DetailPanel:346 - Failed to get advertising image, set to default
2024-03-28 15:18:55,281 [FATAL] Updater:308 - Updater called before beeing initialized
2024-03-28 15:18:55,284 [FATAL] Updater:308 - Updater called before beeing initialized
2024-03-28 15:18:55,284 [FATAL] Updater:308 - Updater called before beeing initialized
2024-03-28 15:18:55,284 [WARN] DetailPanel:346 - Failed to get advertising image, set to default
2024-03-28 15:18:55,285 [FATAL] Updater:308 - Updater called before beeing initialized
2024-03-28 15:18:55,336 [ERROR] Updater:1120 - MainUpdater not yet initialized. External WinMGr cannot be set.
2024-03-28 15:18:55,339 [INFO] Updater:1056 - Updater Version found : 6.9.2
2024-03-28 15:18:55,364 [INFO] ApplicationProperties:184 - Using Application install path: /opt/st/stm32cubeide_1.13.2/plugins/com.st.stm32cube.common.mx_6.9.2.202309101412
2024-03-28 15:18:55,530 [INFO] MainUpdater:2868 - connection check result : 10
2024-03-28 15:18:55,531 [INFO] MainUpdater:285 - Updater Check For Update Now.
2024-03-28 15:18:55,531 [INFO] MicroXplorer:498 - Change Database Version : DB.6.0.92
2024-03-28 15:18:55,536 [INFO] McuFinderGlobals:63 - Set McuFinder mode to 2 (CubeIDE integrated)
2024-03-28 15:18:55,717 [INFO] CheckServerUpdateThread:120 - End of CheckServer Thread
2024-03-28 15:18:57,261 [WARN] PackLoader:240 - Cannot read IP mode file for STMicroelectronics.X-CUBE-SMBUS.2.1.0
2024-03-28 15:18:57,271 [WARN] PackLoader:240 - Cannot read IP mode file for STMicroelectronics.X-CUBE-TOUCHGFX.4.23.1
2024-03-28 15:18:57,276 [WARN] PackLoader:240 - Cannot read IP mode file for STMicroelectronics.X-CUBE-TOUCHGFX.4.23.0
2024-03-28 15:18:57,316 [WARN] PackLoader:240 - Cannot read IP mode file for STMicroelectronics.X-CUBE-AZRTOS-F7.1.1.0
2024-03-28 15:18:57,336 [WARN] PackLoader:240 - Cannot read IP mode file for STMicroelectronics.FP-SNS-MOTENV1.4.3.2
2024-03-28 15:18:57,349 [WARN] PackLoader:240 - Cannot read IP mode file for STMicroelectronics.FP-SNS-FLIGHT1.5.0.2
2024-03-28 15:18:57,365 [WARN] PackLoader:240 - Cannot read IP mode file for STMicroelectronics.X-CUBE-DISPLAY.3.0.0
2024-03-28 15:18:57,386 [WARN] PackLoader:240 - Cannot read IP mode file for STMicroelectronics.X-CUBE-BLE1.7.0.0
2024-03-28 15:18:57,397 [WARN] PackLoader:240 - Cannot read IP mode file for emotas.I-CUBE-CANOPEN.1.3.0
2024-03-28 15:18:57,415 [WARN] PackLoader:240 - Cannot read IP mode file for STMicroelectronics.X-CUBE-BLEMGR.3.1.0
2024-03-28 15:18:57,436 [INFO] LogOutputStream:77 - [STDOUT_REDIRECT] 1 : Invalid condition id : UX_CORESTACK_Condition cause : null
2024-03-28 15:18:57,437 [INFO] LogOutputStream:77 - [STDOUT_REDIRECT] 1 : Invalid condition id : UX_CORESTACK_Condition cause : null
2024-03-28 15:18:57,438 [INFO] LogOutputStream:77 - [STDOUT_REDIRECT] 1 : Invalid condition id : UX_CORESTACK_Condition cause : null
2024-03-28 15:18:57,439 [INFO] LogOutputStream:77 - [STDOUT_REDIRECT] 1 : Invalid condition id : UX_CORESTACK_Condition cause : null
2024-03-28 15:18:57,440 [INFO] LogOutputStream:77 - [STDOUT_REDIRECT] 1 : Invalid condition id : UX_CORESTACK_Condition cause : null
2024-03-28 15:18:57,445 [WARN] PackLoader:240 - Cannot read IP mode file for STMicroelectronics.X-CUBE-AZRTOS-WL.2.0.0
2024-03-28 15:18:57,454 [WARN] PackLoader:240 - Cannot read IP mode file for STMicroelectronics.FP-SNS-MOTENV1.5.0.0
2024-03-28 15:18:57,476 [WARN] PackLoader:240 - Cannot read IP mode file for WES.I-CUBE-Cesium.1.3.0
2024-03-28 15:18:57,483 [WARN] PackLoader:240 - Cannot read IP mode file for STMicroelectronics.X-CUBE-BLE2.3.3.0
2024-03-28 15:18:57,496 [WARN] PackLoader:240 - Cannot read IP mode file for STMicroelectronics.X-CUBE-ALGOBUILD.1.3.0
2024-03-28 15:18:57,532 [WARN] PackLoader:240 - Cannot read IP mode file for STMicroelectronics.X-CUBE-AZRTOS-G0.1.1.0
2024-03-28 15:18:57,548 [WARN] PackLoader:240 - Cannot read IP mode file for STMicroelectronics.X-CUBE-SAFEA1.1.2.2
2024-03-28 15:18:57,560 [WARN] PackLoader:240 - Cannot read IP mode file for STMicroelectronics.X-CUBE-NFC4.3.0.0
2024-03-28 15:18:57,577 [WARN] PackLoader:240 - Cannot read IP mode file for STMicroelectronics.X-CUBE-BLEMGR.3.0.0
2024-03-28 15:18:57,587 [WARN] PackLoader:240 - Cannot read IP mode file for STMicroelectronics.FP-ATR-SIGFOX1.3.2.0
2024-03-28 15:18:57,632 [WARN] PackLoader:240 - Cannot read IP mode file for SEGGER.I-CUBE-embOS.1.3.1
2024-03-28 15:18:57,707 [WARN] PackLoader:240 - Cannot read IP mode file for STMicroelectronics.X-CUBE-GNSS1.6.0.0
2024-03-28 15:18:57,732 [WARN] PackLoader:240 - Cannot read IP mode file for STMicroelectronics.X-CUBE-AZRTOS-F4.1.1.0
2024-03-28 15:18:57,742 [WARN] PackLoader:240 - Cannot read IP mode file for wolfSSL.I-CUBE-wolfSSL.5.6.6
2024-03-28 15:18:57,766 [WARN] PackLoader:240 - Cannot read IP mode file for STMicroelectronics.X-CUBE-AZRTOS-L5.2.0.0
2024-03-28 15:18:57,782 [WARN] PackLoader:240 - Cannot read IP mode file for STMicroelectronics.X-CUBE-NFC6.3.1.0
2024-03-28 15:18:57,793 [WARN] PackLoader:240 - Cannot read IP mode file for ITTIA_DB.I-CUBE-ITTIADB.8.8.0
2024-03-28 15:18:57,801 [WARN] PackLoader:240 - Cannot read IP mode file for STMicroelectronics.X-CUBE-NFC7.1.0.1
2024-03-28 15:18:57,819 [WARN] PackLoader:240 - Cannot read IP mode file for STMicroelectronics.X-CUBE-NFC6.3.0.0
2024-03-28 15:18:57,829 [WARN] PackLoader:240 - Cannot read IP mode file for STMicroelectronics.X-CUBE-AI.8.1.0
2024-03-28 15:18:57,856 [WARN] ConditionMgr:438 - getConditionDescription Invalid condition id : LAN8742 Phy interface Condition cause : null
2024-03-28 15:18:57,858 [WARN] PackLoader:240 - Cannot read IP mode file for STMicroelectronics.X-CUBE-AZRTOS-L4.2.0.0
2024-03-28 15:18:57,861 [WARN] ConditionMgr:1039 - genDependencies : Invalid condition id : LAN8742 Phy interface Condition cause : null
2024-03-28 15:18:57,862 [WARN] ConditionMgr:1039 - genDependencies : Invalid condition id : LAN8742 Phy interface Condition cause : null
2024-03-28 15:18:57,863 [WARN] ConditionMgr:1039 - genDependencies : Invalid condition id : LAN8742 Phy interface Condition cause : null
2024-03-28 15:18:57,878 [WARN] PackLoader:240 - Cannot read IP mode file for STMicroelectronics.X-CUBE-SFXS2LP1.4.0.0
2024-03-28 15:18:57,903 [WARN] ConditionMgr:438 - getConditionDescription Invalid condition id : UX DEVICE CLASS RTOS Condition cause : null
2024-03-28 15:18:57,904 [WARN] ConditionMgr:438 - getConditionDescription Invalid condition id : UX DEVICE CLASS RTOS Condition cause : null
2024-03-28 15:18:57,909 [WARN] PackLoader:240 - Cannot read IP mode file for STMicroelectronics.X-CUBE-AZRTOS-WB.2.0.0
2024-03-28 15:18:57,911 [WARN] ConditionMgr:1039 - genDependencies : Invalid condition id : UX DEVICE CLASS RTOS Condition cause : null
2024-03-28 15:18:57,911 [WARN] ConditionMgr:1039 - genDependencies : Invalid condition id : UX DEVICE CLASS RTOS Condition cause : null
2024-03-28 15:18:57,913 [WARN] ConditionMgr:1039 - genDependencies : Invalid condition id : UX DEVICE CLASS RTOS Condition cause : null
2024-03-28 15:18:57,914 [WARN] ConditionMgr:1039 - genDependencies : Invalid condition id : UX DEVICE CLASS RTOS Condition cause : null
2024-03-28 15:18:57,914 [WARN] ConditionMgr:1039 - genDependencies : Invalid condition id : UX DEVICE CLASS RTOS Condition cause : null
2024-03-28 15:18:57,955 [WARN] PackLoader:240 - Cannot read IP mode file for STMicroelectronics.X-CUBE-SUBG2.5.0.0
2024-03-28 15:18:57,991 [WARN] PackLoader:240 - Cannot read IP mode file for STMicroelectronics.X-CUBE-AZRTOS-G4.2.0.0
2024-03-28 15:18:58,011 [WARN] PackLoader:240 - Cannot read IP mode file for Infineon.AIROC-Wi-Fi-Bluetooth-STM32.1.5.1
2024-03-28 15:18:58,026 [WARN] PackLoader:240 - Cannot read IP mode file for STMicroelectronics.X-CUBE-FREERTOS.1.1.0
2024-03-28 15:18:58,033 [WARN] PackLoader:240 - Cannot read IP mode file for portGmbH.I-Cube-SoM-uGOAL.1.1.0
2024-03-28 15:18:58,042 [WARN] PackLoader:240 - Cannot read IP mode file for STMicroelectronics.X-CUBE-ALS.1.0.1
2024-03-28 15:18:58,048 [WARN] PackLoader:240 - Cannot read IP mode file for STMicroelectronics.FP-ATR-ASTRA1.2.0.0
2024-03-28 15:18:58,064 [WARN] PackLoader:240 - Cannot read IP mode file for STMicroelectronics.X-CUBE-TOF1.3.4.1
2024-03-28 15:18:58,104 [WARN] PackLoader:240 - Cannot read IP mode file for STMicroelectronics.X-CUBE-AZRTOS-H7.3.2.0
2024-03-28 15:18:58,110 [INFO] ThirdParty:978 - Integrity check success = true
2024-03-28 15:18:58,111 [INFO] IntegrityCheckThread:100 - exiting critical section [integrity check]
2024-03-28 15:18:58,111 [INFO] IntegrityCheckThread:103 - End integrity checks thread
2024-03-28 15:19:16,070 [ERROR] LogOutputStream:75 - [STDERR_REDIRECT] SLF4J: Failed to load class "org.slf4j.impl.StaticLoggerBinder".
2024-03-28 15:19:16,071 [ERROR] LogOutputStream:75 - [STDERR_REDIRECT] SLF4J: Defaulting to no-operation (NOP) logger implementation
2024-03-28 15:19:16,071 [ERROR] LogOutputStream:75 - [STDERR_REDIRECT] SLF4J: See http://www.slf4j.org/codes.html#StaticLoggerBinder for further details.
2024-03-28 15:19:18,491 [INFO] LogOutputStream:77 - [STDOUT_REDIRECT] Exception in update check thread
2024-03-28 15:19:18,492 [ERROR] LogOutputStream:75 - [STDERR_REDIRECT] java.lang.IllegalStateException: bundle org.eclipse.equinox.p2.repositoryis not started
2024-03-28 15:19:18,493 [ERROR] LogOutputStream:75 - [STDERR_REDIRECT] 	at org.eclipse.equinox.internal.p2.repository.Activator.getContext(Activator.java:65)
2024-03-28 15:19:18,493 [ERROR] LogOutputStream:75 - [STDERR_REDIRECT] 	at org.eclipse.equinox.internal.p2.repository.helpers.AbstractRepositoryManager.restoreFromSystemProperty(AbstractRepositoryManager.java:1013)
2024-03-28 15:19:18,494 [ERROR] LogOutputStream:75 - [STDERR_REDIRECT] 	at org.eclipse.equinox.internal.p2.repository.helpers.AbstractRepositoryManager.restoreRepositories(AbstractRepositoryManager.java:1033)
2024-03-28 15:19:18,494 [ERROR] LogOutputStream:75 - [STDERR_REDIRECT] 	at org.eclipse.equinox.internal.p2.repository.helpers.AbstractRepositoryManager.getRepositoryProperty(AbstractRepositoryManager.java:571)
2024-03-28 15:19:18,495 [ERROR] LogOutputStream:75 - [STDERR_REDIRECT] 	at org.eclipse.equinox.internal.p2.repository.helpers.AbstractRepositoryManager.loadRepository(AbstractRepositoryManager.java:703)
2024-03-28 15:19:18,495 [ERROR] LogOutputStream:75 - [STDERR_REDIRECT] 	at org.eclipse.equinox.internal.p2.metadata.repository.MetadataRepositoryManager.loadRepository(MetadataRepositoryManager.java:110)
2024-03-28 15:19:18,495 [ERROR] LogOutputStream:75 - [STDERR_REDIRECT] 	at org.eclipse.equinox.internal.p2.metadata.repository.MetadataRepositoryManager.loadRepository(MetadataRepositoryManager.java:105)
2024-03-28 15:19:18,496 [ERROR] LogOutputStream:75 - [STDERR_REDIRECT] 	at org.eclipse.equinox.internal.p2.updatechecker.UpdateChecker.getAvailableRepositories(UpdateChecker.java:152)
2024-03-28 15:19:18,496 [ERROR] LogOutputStream:75 - [STDERR_REDIRECT] 	at org.eclipse.equinox.internal.p2.updatechecker.UpdateChecker.checkForUpdates(UpdateChecker.java:130)
2024-03-28 15:19:18,496 [ERROR] LogOutputStream:75 - [STDERR_REDIRECT] 	at org.eclipse.equinox.internal.p2.updatechecker.UpdateChecker$UpdateCheckThread.run(UpdateChecker.java:78)
